{"type":"server-started","port":61859,"host":"127.0.0.1","url_host":"localhost","url":"http://localhost:61859","screen_dir":"/Users/HarnykBohdan/GrapeGrew/.superpowers/brainstorm/29850-1779458995/content","state_dir":"/Users/HarnykBohdan/GrapeGrew/.superpowers/brainstorm/29850-1779458995/state"}
{"type":"screen-added","file":"/Users/HarnykBohdan/GrapeGrew/.superpowers/brainstorm/29850-1779458995/content/options-priority.html"}
{"source":"user-event","type":"click","text":"A\n    \n      Внесення добрив (Сухе внесення у ґрунт)\n      Розрахунок маси комерційних добрив (карбамід, YaraMila тощо) на основі потреби в чистих елементах NPK за фазами розвитку (старт росту, перед цвітінням, дозрівання ягоди) на площу або кількість кущів.","choice":"fertilizer","id":null,"timestamp":1779459030445}
{"source":"user-event","type":"click","text":"B\n    \n      Захист виноградника (Оприскування)\n      Калькулятор об'єму бакової суміші на площу чи довжину рядів, розрахунок кількості пестицидів (мл чи г на 10 л води / на сотку), інтеграція з нормами витрати води на гектар та облік підкислення води.","choice":"protection","id":null,"timestamp":1779459031677}
{"source":"user-event","type":"click","text":"C\n    \n      Фертигація (Крапельне живлення)\n      Розрахунок концентрації солей, NPK та EC поживного розчину, об'єму води на кущ залежно від погоди/вологості, а також пропорцій впорскування інжектора Вентурі або дозатора.","choice":"fertigation","id":null,"timestamp":1779459033110}
{"source":"user-event","type":"click","text":"D\n    \n      Комплексна інтеграція\n      Об'єднати всі вищевказані розрахунки в одну потужну модульну панель з вкладками, де кожен блок має свої специфічні пресети та виноградні нормативи.","choice":"all","id":null,"timestamp":1779459033710}
{"source":"user-event","type":"click","text":"A\n    \n      Внесення добрив (Сухе внесення у ґрунт)\n      Розрахунок маси комерційних добрив (карбамід, YaraMila тощо) на основі потреби в чистих елементах NPK за фазами розвитку (старт росту, перед цвітінням, дозрівання ягоди) на площу або кількість кущів.","choice":"fertilizer","id":null,"timestamp":1779459077261}
{"source":"user-event","type":"click","text":"A\n    \n      Внесення добрив (Сухе внесення у ґрунт)\n      Розрахунок маси комерційних добрив (карбамід, YaraMila тощо) на основі потреби в чистих елементах NPK за фазами розвитку (старт росту, перед цвітінням, дозрівання ягоди) на площу або кількість кущів.","choice":"fertilizer","id":null,"timestamp":1779459077744}
{"source":"user-event","type":"click","text":"C\n    \n      Фертигація (Крапельне живлення)\n      Розрахунок концентрації солей, NPK та EC поживного розчину, об'єму води на кущ залежно від погоди/вологості, а також пропорцій впорскування інжектора Вентурі або дозатора.","choice":"fertigation","id":null,"timestamp":1779459089394}
{"source":"user-event","type":"click","text":"B\n    \n      Захист виноградника (Оприскування)\n      Калькулятор об'єму бакової суміші на площу чи довжину рядів, розрахунок кількості пестицидів (мл чи г на 10 л води / на сотку), інтеграція з нормами витрати води на гектар та облік підкислення води.","choice":"protection","id":null,"timestamp":1779459090028}
{"source":"user-event","type":"click","text":"A\n    \n      Внесення добрив (Сухе внесення у ґрунт)\n      Розрахунок маси комерційних добрив (карбамід, YaraMila тощо) на основі потреби в чистих елементах NPK за фазами розвитку (старт росту, перед цвітінням, дозрівання ягоди) на площу або кількість кущів.","choice":"fertilizer","id":null,"timestamp":1779459090561}
{"type":"screen-added","file":"/Users/HarnykBohdan/GrapeGrew/.superpowers/brainstorm/29850-1779458995/content/fertilizer-modes.html"}
{"source":"user-event","type":"click","text":"C\n    \n      (Рекомендовано) Гібридний варіант\n      Автоматичні пресети за фазами вегетації завантажуються за замовчуванням, але користувач може в будь-який момент відкоригувати значення вручну.","choice":"hybrid","id":null,"timestamp":1779459186662}
{"source":"user-event","type":"click","text":"C\n    \n      (Рекомендовано) Гібридний варіант\n      Автоматичні пресети за фазами вегетації завантажуються за замовчуванням, але користувач може в будь-який момент відкоригувати значення вручну.","choice":"hybrid","id":null,"timestamp":1779459191262}
{"type":"screen-added","file":"/Users/HarnykBohdan/GrapeGrew/.superpowers/brainstorm/29850-1779458995/content/protection-modes.html"}
{"type":"screen-added","file":"/Users/HarnykBohdan/GrapeGrew/.superpowers/brainstorm/29850-1779458995/content/fertigation-modes.html"}
{"type":"screen-added","file":"/Users/HarnykBohdan/GrapeGrew/.superpowers/brainstorm/29850-1779458995/content/approaches.html"}
{"type":"screen-added","file":"/Users/HarnykBohdan/GrapeGrew/.superpowers/brainstorm/29850-1779458995/content/design-overview.html"}
{"type":"screen-added","file":"/Users/HarnykBohdan/GrapeGrew/.superpowers/brainstorm/29850-1779458995/content/waiting.html"}
{"type":"server-stopped","reason":"idle timeout"}
